<?xml version="1.0" encoding="UTF-8" ?>
<testsuite errors="0" failures="0" hostname="Gustavos-MacBook-Pro.local" name="RandoopTest" tests="112" time="0.154" timestamp="2012-11-19T18:47:00">
  <properties>
[...]
</properties>
  <testcase classname="RandoopTest0" name="test1" time="0.071" />
  <testcase classname="RandoopTest0" name="test2" time="0.0" />
  <testcase classname="RandoopTest0" name="test3" time="0.0010" />
  <testcase classname="RandoopTest0" name="test4" time="0.0010" />
  <testcase classname="RandoopTest0" name="test5" time="0.0" />
  <testcase classname="RandoopTest0" name="test6" time="0.0" />
  <testcase classname="RandoopTest0" name="test7" time="0.0" />
  <testcase classname="RandoopTest0" name="test8" time="0.0" />
  <testcase classname="RandoopTest0" name="test9" time="0.0" />
  <testcase classname="RandoopTest0" name="test10" time="0.0010" />
  <testcase classname="RandoopTest0" name="test11" time="0.0" />
  <testcase classname="RandoopTest0" name="test12" time="0.0010" />
  <testcase classname="RandoopTest0" name="test13" time="0.0" />
  <testcase classname="RandoopTest0" name="test14" time="0.0" />
  <testcase classname="RandoopTest0" name="test15" time="0.0" />
  <testcase classname="RandoopTest0" name="test16" time="0.0" />
  <testcase classname="RandoopTest0" name="test17" time="0.0" />
  <testcase classname="RandoopTest0" name="test18" time="0.0" />
  <testcase classname="RandoopTest0" name="test19" time="0.0" />
  <testcase classname="RandoopTest0" name="test20" time="0.0" />
  <testcase classname="RandoopTest0" name="test21" time="0.0" />
  <testcase classname="RandoopTest0" name="test22" time="0.0" />
  <testcase classname="RandoopTest0" name="test23" time="0.0" />
  <testcase classname="RandoopTest0" name="test24" time="0.0" />
  <testcase classname="RandoopTest0" name="test25" time="0.0010" />
  <testcase classname="RandoopTest0" name="test26" time="0.0" />
  <testcase classname="RandoopTest0" name="test27" time="0.0" />
  <testcase classname="RandoopTest0" name="test28" time="0.0" />
  <testcase classname="RandoopTest0" name="test29" time="0.0" />
  <testcase classname="RandoopTest0" name="test30" time="0.0" />
  <testcase classname="RandoopTest0" name="test31" time="0.0" />
  <testcase classname="RandoopTest0" name="test32" time="0.0" />
  <testcase classname="RandoopTest0" name="test33" time="0.0" />
  <testcase classname="RandoopTest0" name="test34" time="0.0010" />
  <testcase classname="RandoopTest0" name="test35" time="0.0" />
  <testcase classname="RandoopTest0" name="test36" time="0.0" />
  <testcase classname="RandoopTest0" name="test37" time="0.0" />
  <testcase classname="RandoopTest0" name="test38" time="0.0" />
  <testcase classname="RandoopTest0" name="test39" time="0.0" />
  <testcase classname="RandoopTest0" name="test40" time="0.0" />
  <testcase classname="RandoopTest0" name="test41" time="0.0" />
  <testcase classname="RandoopTest0" name="test42" time="0.0" />
  <testcase classname="RandoopTest0" name="test43" time="0.0010" />
  <testcase classname="RandoopTest0" name="test44" time="0.0" />
  <testcase classname="RandoopTest0" name="test45" time="0.0" />
  <testcase classname="RandoopTest0" name="test46" time="0.0" />
  <testcase classname="RandoopTest0" name="test47" time="0.0" />
  <testcase classname="RandoopTest0" name="test48" time="0.0" />
  <testcase classname="RandoopTest0" name="test49" time="0.0" />
  <testcase classname="RandoopTest0" name="test50" time="0.0" />
  <testcase classname="RandoopTest0" name="test51" time="0.0" />
  <testcase classname="RandoopTest0" name="test52" time="0.0010" />
  <testcase classname="RandoopTest0" name="test53" time="0.0" />
  <testcase classname="RandoopTest0" name="test54" time="0.0" />
  <testcase classname="RandoopTest0" name="test55" time="0.0" />
  <testcase classname="RandoopTest0" name="test56" time="0.0" />
  <testcase classname="RandoopTest0" name="test57" time="0.0010" />
  <testcase classname="RandoopTest0" name="test58" time="0.0" />
  <testcase classname="RandoopTest0" name="test59" time="0.0" />
  <testcase classname="RandoopTest0" name="test60" time="0.0010" />
  <testcase classname="RandoopTest0" name="test61" time="0.0" />
  <testcase classname="RandoopTest0" name="test62" time="0.0" />
  <testcase classname="RandoopTest0" name="test63" time="0.0010" />
  <testcase classname="RandoopTest0" name="test64" time="0.0" />
  <testcase classname="RandoopTest0" name="test65" time="0.0" />
  <testcase classname="RandoopTest0" name="test66" time="0.0010" />
  <testcase classname="RandoopTest0" name="test67" time="0.0" />
  <testcase classname="RandoopTest0" name="test68" time="0.0" />
  <testcase classname="RandoopTest0" name="test69" time="0.0" />
  <testcase classname="RandoopTest0" name="test70" time="0.0" />
  <testcase classname="RandoopTest0" name="test71" time="0.0" />
  <testcase classname="RandoopTest0" name="test72" time="0.0010" />
  <testcase classname="RandoopTest0" name="test73" time="0.0" />
  <testcase classname="RandoopTest0" name="test74" time="0.0" />
  <testcase classname="RandoopTest0" name="test75" time="0.0" />
  <testcase classname="RandoopTest0" name="test76" time="0.0" />
  <testcase classname="RandoopTest0" name="test77" time="0.0" />
  <testcase classname="RandoopTest0" name="test78" time="0.0" />
  <testcase classname="RandoopTest0" name="test79" time="0.0" />
  <testcase classname="RandoopTest0" name="test80" time="0.0" />
  <testcase classname="RandoopTest0" name="test81" time="0.0010" />
  <testcase classname="RandoopTest0" name="test82" time="0.0" />
  <testcase classname="RandoopTest0" name="test83" time="0.0" />
  <testcase classname="RandoopTest0" name="test84" time="0.0" />
  <testcase classname="RandoopTest0" name="test85" time="0.0" />
  <testcase classname="RandoopTest0" name="test86" time="0.0" />
  <testcase classname="RandoopTest0" name="test87" time="0.0" />
  <testcase classname="RandoopTest0" name="test88" time="0.0" />
  <testcase classname="RandoopTest0" name="test89" time="0.0" />
  <testcase classname="RandoopTest0" name="test90" time="0.0" />
  <testcase classname="RandoopTest0" name="test91" time="0.0" />
  <testcase classname="RandoopTest0" name="test92" time="0.0" />
  <testcase classname="RandoopTest0" name="test93" time="0.0" />
  <testcase classname="RandoopTest0" name="test94" time="0.0" />
  <testcase classname="RandoopTest0" name="test95" time="0.0" />
  <testcase classname="RandoopTest0" name="test96" time="0.0" />
  <testcase classname="RandoopTest0" name="test97" time="0.0" />
  <testcase classname="RandoopTest0" name="test98" time="0.0" />
  <testcase classname="RandoopTest0" name="test99" time="0.0" />
  <testcase classname="RandoopTest0" name="test100" time="0.0" />
  <testcase classname="RandoopTest0" name="test101" time="0.0" />
  <testcase classname="RandoopTest0" name="test102" time="0.0" />
  <testcase classname="RandoopTest0" name="test103" time="0.0010" />
  <testcase classname="RandoopTest0" name="test104" time="0.0" />
  <testcase classname="RandoopTest0" name="test105" time="0.0" />
  <testcase classname="RandoopTest0" name="test106" time="0.0010" />
  <testcase classname="RandoopTest0" name="test107" time="0.0" />
  <testcase classname="RandoopTest0" name="test108" time="0.0010" />
  <testcase classname="RandoopTest0" name="test109" time="0.0" />
  <testcase classname="RandoopTest0" name="test110" time="0.0" />
  <testcase classname="RandoopTest0" name="test111" time="0.0010" />
  <testcase classname="RandoopTest0" name="test112" time="0.0" />
  <system-out><![CDATA[EMMA: collecting runtime coverage data ...
]]></system-out>
  <system-err><![CDATA[]]></system-err>
</testsuite>
